\BOOKMARK [1][-]{section.1}{\376\377\000D\000e\000s\000c\000r\000i\000p\000c\000i\000\363\000n\000\040\000g\000e\000n\000e\000r\000a\000l}{}% 1
\BOOKMARK [1][-]{section.2}{\376\377\000R\000e\000q\000u\000i\000s\000i\000t\000o\000s\000\040\000p\000r\000e\000v\000i\000o\000s}{}% 2
\BOOKMARK [1][-]{section.3}{\376\377\000I\000n\000s\000t\000a\000l\000a\000c\000i\000\363\000n\000\040\000p\000a\000s\000o\000\040\000a\000\040\000p\000a\000s\000o}{}% 3
\BOOKMARK [2][-]{subsection.3.1}{\376\377\000P\000a\000s\000o\000\040\0001\000\040\040\024\000\040\000A\000c\000t\000u\000a\000l\000i\000z\000a\000r\000\040\000e\000l\000\040\000s\000i\000s\000t\000e\000m\000a}{section.3}% 4
\BOOKMARK [2][-]{subsection.3.2}{\376\377\000P\000a\000s\000o\000\040\0002\000\040\040\024\000\040\000I\000n\000s\000t\000a\000l\000a\000r\000\040\000N\000o\000d\000e\000.\000j\000s\000\040\000y\000\040\000n\000p\000m}{section.3}% 5
\BOOKMARK [2][-]{subsection.3.3}{\376\377\000P\000a\000s\000o\000\040\0003\000\040\040\024\000\040\000I\000n\000s\000t\000a\000l\000a\000r\000\040\000P\000M\0002\000\040\000d\000e\000\040\000f\000o\000r\000m\000a\000\040\000g\000l\000o\000b\000a\000l}{section.3}% 6
\BOOKMARK [2][-]{subsection.3.4}{\376\377\000P\000a\000s\000o\000\040\0004\000\040\040\024\000\040\000C\000o\000n\000f\000i\000g\000u\000r\000a\000r\000\040\000a\000r\000r\000a\000n\000q\000u\000e\000\040\000a\000u\000t\000o\000m\000\341\000t\000i\000c\000o\000\040\000d\000e\000\040\000P\000M\0002}{section.3}% 7
\BOOKMARK [2][-]{subsection.3.5}{\376\377\000P\000a\000s\000o\000\040\0005\000\040\040\024\000\040\000I\000n\000s\000t\000a\000l\000a\000r\000\040\000P\000y\000t\000h\000o\000n\000\040\0003\000.\0001\0002\000\040\000+\000\040\000v\000e\000n\000v\000\040\000+\000\040\000p\000i\000p}{section.3}% 8
\BOOKMARK [2][-]{subsection.3.6}{\376\377\000P\000a\000s\000o\000\040\0006\000\040\040\024\000\040\000C\000l\000o\000n\000a\000r\000\040\000e\000l\000\040\000r\000e\000p\000o\000s\000i\000t\000o\000r\000i\000o}{section.3}% 9
\BOOKMARK [2][-]{subsection.3.7}{\376\377\000P\000a\000s\000o\000\040\0007\000\040\040\024\000\040\000E\000j\000e\000c\000u\000t\000a\000r\000\040\000e\000l\000\040\000s\000c\000r\000i\000p\000t\000\040\000d\000e\000\040\000d\000e\000s\000p\000l\000i\000e\000g\000u\000e\000\040\000a\000u\000t\000o\000m\000\341\000t\000i\000c\000o}{section.3}% 10
\BOOKMARK [1][-]{section.4}{\376\377\000V\000e\000r\000i\000f\000i\000c\000a\000c\000i\000\363\000n\000\040\000d\000e\000\040\000l\000a\000\040\000i\000n\000s\000t\000a\000l\000a\000c\000i\000\363\000n}{}% 11
\BOOKMARK [2][-]{subsection.4.1}{\376\377\000E\000s\000t\000a\000d\000o\000\040\000d\000e\000l\000\040\000p\000r\000o\000c\000e\000s\000o\000\040\000P\000M\0002}{section.4}% 12
\BOOKMARK [2][-]{subsection.4.2}{\376\377\000P\000r\000u\000e\000b\000a\000\040\000d\000e\000l\000\040\000e\000n\000d\000p\000o\000i\000n\000t\000\040\000d\000e\000\040\000p\000r\000e\000d\000i\000c\000c\000i\000\363\000n}{section.4}% 13
\BOOKMARK [2][-]{subsection.4.3}{\376\377\000A\000c\000c\000e\000s\000o\000\040\000d\000e\000s\000d\000e\000\040\000e\000l\000\040\000n\000a\000v\000e\000g\000a\000d\000o\000r}{section.4}% 14
\BOOKMARK [1][-]{section.5}{\376\377\000C\000o\000m\000a\000n\000d\000o\000s\000\040\000d\000e\000\040\000o\000p\000e\000r\000a\000c\000i\000\363\000n}{}% 15
\BOOKMARK [1][-]{section.6}{\376\377\000R\000e\000s\000o\000l\000u\000c\000i\000\363\000n\000\040\000d\000e\000\040\000p\000r\000o\000b\000l\000e\000m\000a\000s\000\040\000f\000r\000e\000c\000u\000e\000n\000t\000e\000s}{}% 16
\BOOKMARK [2][-]{subsection.6.1}{\376\377\000E\000r\000r\000o\000r\000\040\000E\000R\000R\000\137\000H\000T\000T\000P\000\137\000H\000E\000A\000D\000E\000R\000S\000\137\000S\000E\000N\000T}{section.6}% 17
\BOOKMARK [2][-]{subsection.6.2}{\376\377\000E\000r\000r\000o\000r\000:\000\040\000p\000a\000n\000d\000a\000s\000,\000\040\000j\000o\000b\000l\000i\000b\000\040\000o\000\040\000s\000k\000l\000e\000a\000r\000n\000\040\000n\000o\000\040\000e\000n\000c\000o\000n\000t\000r\000a\000d\000o}{section.6}% 18
\BOOKMARK [2][-]{subsection.6.3}{\376\377\000N\000o\000\040\000s\000e\000\040\000r\000e\000g\000i\000s\000t\000r\000a\000n\000\040\000r\000e\000q\000u\000e\000s\000t\000s\000\040\000e\000n\000\040\000s\000e\000r\000v\000e\000r\000.\000l\000o\000g}{section.6}% 19
\BOOKMARK [2][-]{subsection.6.4}{\376\377\000L\000a\000\040\000p\000\341\000g\000i\000n\000a\000\040\000n\000o\000\040\000c\000a\000r\000g\000a\000\040\000d\000e\000s\000d\000e\000\040\000e\000l\000\040\000n\000a\000v\000e\000g\000a\000d\000o\000r}{section.6}% 20
\BOOKMARK [1][-]{section.7}{\376\377\000S\000e\000g\000u\000r\000i\000d\000a\000d\000\040\000y\000\040\000b\000u\000e\000n\000a\000s\000\040\000p\000r\000\341\000c\000t\000i\000c\000a\000s}{}% 21
